  zadatak1.c
C:\Users\Imtos\OneDrive\Desktop\Barti Kujundzic\StrukturePodataka\Vjezbe_12\zadatak1.c(46,11): warning C4473: 'scanf_s' : not enough arguments passed for format string
C:\Users\Imtos\OneDrive\Desktop\Barti Kujundzic\StrukturePodataka\Vjezbe_12\zadatak1.c(46,11): message : placeholders and their parameters expect 2 variadic arguments, but 1 were provided
C:\Users\Imtos\OneDrive\Desktop\Barti Kujundzic\StrukturePodataka\Vjezbe_12\zadatak1.c(46,11): message : the missing variadic argument 2 is required by format string '%c'
C:\Users\Imtos\OneDrive\Desktop\Barti Kujundzic\StrukturePodataka\Vjezbe_12\zadatak1.c(46,11): message : this argument is used as a buffer size
C:\Users\Imtos\OneDrive\Desktop\Barti Kujundzic\StrukturePodataka\Vjezbe_12\zadatak1.c(90,10): warning C4477: 'scanf_s' : format string '%s' requires an argument of type 'unsigned int', but variadic argument 2 has type 'char *'
C:\Users\Imtos\OneDrive\Desktop\Barti Kujundzic\StrukturePodataka\Vjezbe_12\zadatak1.c(90,10): message : this argument is used as a buffer size
C:\Users\Imtos\OneDrive\Desktop\Barti Kujundzic\StrukturePodataka\Vjezbe_12\zadatak1.c(90,10): warning C4477: 'scanf_s' : format string '%s' requires an argument of type 'char *', but variadic argument 3 has type 'int *'
C:\Users\Imtos\OneDrive\Desktop\Barti Kujundzic\StrukturePodataka\Vjezbe_12\zadatak1.c(90,10): message : this argument is used by a conversion specifier
C:\Users\Imtos\OneDrive\Desktop\Barti Kujundzic\StrukturePodataka\Vjezbe_12\zadatak1.c(90,10): warning C4473: 'scanf_s' : not enough arguments passed for format string
C:\Users\Imtos\OneDrive\Desktop\Barti Kujundzic\StrukturePodataka\Vjezbe_12\zadatak1.c(90,10): message : placeholders and their parameters expect 5 variadic arguments, but 3 were provided
C:\Users\Imtos\OneDrive\Desktop\Barti Kujundzic\StrukturePodataka\Vjezbe_12\zadatak1.c(90,10): message : the missing variadic argument 4 is required by format string '%s'
C:\Users\Imtos\OneDrive\Desktop\Barti Kujundzic\StrukturePodataka\Vjezbe_12\zadatak1.c(90,10): message : this argument is used as a buffer size
C:\Users\Imtos\OneDrive\Desktop\Barti Kujundzic\StrukturePodataka\Vjezbe_12\zadatak1.c(121,10): warning C4473: 'scanf_s' : not enough arguments passed for format string
C:\Users\Imtos\OneDrive\Desktop\Barti Kujundzic\StrukturePodataka\Vjezbe_12\zadatak1.c(121,10): message : placeholders and their parameters expect 2 variadic arguments, but 1 were provided
C:\Users\Imtos\OneDrive\Desktop\Barti Kujundzic\StrukturePodataka\Vjezbe_12\zadatak1.c(121,10): message : the missing variadic argument 2 is required by format string '%s'
C:\Users\Imtos\OneDrive\Desktop\Barti Kujundzic\StrukturePodataka\Vjezbe_12\zadatak1.c(121,10): message : this argument is used as a buffer size
C:\Users\Imtos\OneDrive\Desktop\Barti Kujundzic\StrukturePodataka\Vjezbe_12\zadatak1.c(133,11): warning C4473: 'scanf_s' : not enough arguments passed for format string
C:\Users\Imtos\OneDrive\Desktop\Barti Kujundzic\StrukturePodataka\Vjezbe_12\zadatak1.c(133,11): message : placeholders and their parameters expect 2 variadic arguments, but 1 were provided
C:\Users\Imtos\OneDrive\Desktop\Barti Kujundzic\StrukturePodataka\Vjezbe_12\zadatak1.c(133,11): message : the missing variadic argument 2 is required by format string '%s'
C:\Users\Imtos\OneDrive\Desktop\Barti Kujundzic\StrukturePodataka\Vjezbe_12\zadatak1.c(133,11): message : this argument is used as a buffer size
  Vjezbe_12.vcxproj -> C:\Users\Imtos\OneDrive\Desktop\Barti Kujundzic\StrukturePodataka\Vjezbe_12\Debug\Vjezbe_12.exe
